<?xml version="1.0" encoding="UTF-8"?>
<robot generator="Robot 4.0.2 (Python 3.8.5 on linux)" generated="20210524 14:41:09.230" rpa="false" schemaversion="2">
<suite id="s1" name="firstTest" source="/home/user/PycharmProjects/pythonProject1/testCases/firstTest.robot">
<test id="s1-t1" name="searchTest">
<kw name="Create Webdriver" library="SeleniumLibrary">
<arg>Chrome</arg>
<arg>executable_path=/home/user/PycharmProjects/pythonProject1/chromedriver</arg>
<doc>Creates an instance of Selenium WebDriver.</doc>
<msg timestamp="20210524 14:41:09.329" level="INFO">Creating an instance of the Chrome WebDriver.</msg>
<status status="PASS" starttime="20210524 14:41:09.328" endtime="20210524 14:41:10.605"/>
</kw>
<kw name="Go To" library="SeleniumLibrary">
<arg>${url}</arg>
<doc>Navigates the current browser window to the provided ``url``.</doc>
<msg timestamp="20210524 14:41:10.606" level="INFO">Opening url 'https://www.youtube.com/'</msg>
<status status="PASS" starttime="20210524 14:41:10.605" endtime="20210524 14:41:13.518"/>
</kw>
<kw name="Input Text" library="SeleniumLibrary">
<arg>${text}</arg>
<arg>Python robot</arg>
<doc>Types the given ``text`` into the text field identified by ``locator``.</doc>
<msg timestamp="20210524 14:41:13.520" level="INFO">Typing text 'Python robot' into text field 'xpath:/html/body/ytd-app/div/div/ytd-masthead/div[3]/div[2]/ytd-searchbox/form/div/div[1]/input'.</msg>
<kw name="Capture Page Screenshot" library="SeleniumLibrary">
<doc>Takes a screenshot of the current page and embeds it into a log file.</doc>
<msg timestamp="20210524 14:41:13.545" level="FAIL">WebDriverException: Message: chrome not reachable
  (Session info: chrome=90.0.4430.85)
</msg>
<status status="FAIL" starttime="20210524 14:41:13.540" endtime="20210524 14:41:13.545"/>
</kw>
<msg timestamp="20210524 14:41:13.546" level="WARN">Keyword 'Capture Page Screenshot' could not be run on failure: WebDriverException: Message: chrome not reachable
  (Session info: chrome=90.0.4430.85)
</msg>
<msg timestamp="20210524 14:41:13.546" level="FAIL">WebDriverException: Message: chrome not reachable
  (Session info: chrome=90.0.4430.85)
</msg>
<status status="FAIL" starttime="20210524 14:41:13.519" endtime="20210524 14:41:13.547"/>
</kw>
<kw name="Click Button" library="SeleniumLibrary">
<arg>${searchButton}</arg>
<doc>Clicks the button identified by ``locator``.</doc>
<status status="NOT RUN" starttime="20210524 14:41:13.547" endtime="20210524 14:41:13.547"/>
</kw>
<kw name="Click Link" library="SeleniumLibrary">
<arg>${video}</arg>
<doc>Clicks a link identified by ``locator``.</doc>
<status status="NOT RUN" starttime="20210524 14:41:13.547" endtime="20210524 14:41:13.547"/>
</kw>
<kw name="Close Browser" library="SeleniumLibrary">
<doc>Closes the current browser.</doc>
<status status="NOT RUN" starttime="20210524 14:41:13.547" endtime="20210524 14:41:13.547"/>
</kw>
<status status="FAIL" starttime="20210524 14:41:09.327" endtime="20210524 14:41:13.548">WebDriverException: Message: chrome not reachable
  (Session info: chrome=90.0.4430.85)
</status>
</test>
<status status="FAIL" starttime="20210524 14:41:09.231" endtime="20210524 14:41:13.549"/>
</suite>
<statistics>
<total>
<stat pass="0" fail="1" skip="0">All Tests</stat>
</total>
<tag>
</tag>
<suite>
<stat pass="0" fail="1" skip="0" id="s1" name="firstTest">firstTest</stat>
</suite>
</statistics>
<errors>
<msg timestamp="20210524 14:41:13.546" level="WARN">Keyword 'Capture Page Screenshot' could not be run on failure: WebDriverException: Message: chrome not reachable
  (Session info: chrome=90.0.4430.85)
</msg>
</errors>
</robot>
